[2024-08-28T14:47:35.558020+00:00] xml_generator.INFO: Missing PdfUrl: 1 [] []
[2024-08-28T14:47:35.558989+00:00] xml_generator.INFO: Missing Title: 0 [] []
[2024-08-28T14:47:35.559084+00:00] xml_generator.INFO: Missing Authors: 0 [] []
[2024-08-28T14:47:35.559147+00:00] xml_generator.INFO: Missing FirstPage: 2 [] []
[2024-08-28T14:47:35.559213+00:00] xml_generator.INFO: Missing LastPage: 2 [] []
[2024-08-28T14:47:35.559271+00:00] xml_generator.INFO: Missing Abstract: 2 [] []
[2024-08-28T14:47:35.559416+00:00] xml_generator.INFO: Missing Keywords: 3 [] []



[2024-08-28T15:09:31.638034+00:00] xml_generator.INFO: Missing PdfUrl: 1 [] []
[2024-08-28T15:09:31.639283+00:00] xml_generator.INFO: Missing Title: 0 [] []
[2024-08-28T15:09:31.639352+00:00] xml_generator.INFO: Missing Authors: 0 [] []
[2024-08-28T15:09:31.639415+00:00] xml_generator.INFO: Missing FirstPage: 1 [] []
[2024-08-28T15:09:31.639469+00:00] xml_generator.INFO: Missing LastPage: 1 [] []
[2024-08-28T15:09:31.639522+00:00] xml_generator.INFO: Missing Abstract: 1 [] []
[2024-08-28T15:09:31.639583+00:00] xml_generator.INFO: Missing Keywords: 2 [] []
[2024-09-19T10:15:05.973448+00:00] xml_generator.INFO: Missing PdfUrl: 0 [] []
[2024-09-19T10:15:05.974664+00:00] xml_generator.INFO: Missing Title: 9 [] []
[2024-09-19T10:15:05.974736+00:00] xml_generator.INFO: Missing Authors: 0 [] []
[2024-09-19T10:15:05.974793+00:00] xml_generator.INFO: Missing FirstPage: 228 [] []
[2024-09-19T10:15:05.974854+00:00] xml_generator.INFO: Missing LastPage: 229 [] []
[2024-09-19T10:15:05.974941+00:00] xml_generator.INFO: Missing Abstract: 346 [] []
[2024-09-19T10:15:05.975011+00:00] xml_generator.INFO: Missing Keywords: 346 [] []
[2024-09-19T10:15:11.911715+00:00] xml_generator.INFO: Missing PdfUrl: 4 [] []
[2024-09-19T10:15:11.912881+00:00] xml_generator.INFO: Missing Title: 0 [] []
[2024-09-19T10:15:11.912946+00:00] xml_generator.INFO: Missing Authors: 0 [] []
[2024-09-19T10:15:11.913011+00:00] xml_generator.INFO: Missing FirstPage: 305 [] []
[2024-09-19T10:15:11.913077+00:00] xml_generator.INFO: Missing LastPage: 305 [] []
[2024-09-19T10:15:11.913132+00:00] xml_generator.INFO: Missing Abstract: 305 [] []
[2024-09-19T10:15:11.913192+00:00] xml_generator.INFO: Missing Keywords: 305 [] []
[2024-09-19T10:17:50.120281+00:00] xml_generator.INFO: Missing PdfUrl: 4 [] []
[2024-09-19T10:17:50.121592+00:00] xml_generator.INFO: Missing Title: 0 [] []
[2024-09-19T10:17:50.121663+00:00] xml_generator.INFO: Missing Authors: 0 [] []
[2024-09-19T10:17:50.121751+00:00] xml_generator.INFO: Missing FirstPage: 305 [] []
[2024-09-19T10:17:50.121848+00:00] xml_generator.INFO: Missing LastPage: 305 [] []
[2024-09-19T10:17:50.121912+00:00] xml_generator.INFO: Missing Abstract: 305 [] []
[2024-09-19T10:17:50.121984+00:00] xml_generator.INFO: Missing Keywords: 305 [] []
[2024-09-19T10:26:11.115914+00:00] xml_generator.INFO: Missing PdfUrl: 22 [] []
[2024-09-19T10:26:11.118007+00:00] xml_generator.INFO: Missing Title: 0 [] []
[2024-09-19T10:26:11.118178+00:00] xml_generator.INFO: Missing Authors: 0 [] []
[2024-09-19T10:26:11.118316+00:00] xml_generator.INFO: Missing FirstPage: 456 [] []
[2024-09-19T10:26:11.118451+00:00] xml_generator.INFO: Missing LastPage: 456 [] []
[2024-09-19T10:26:11.118562+00:00] xml_generator.INFO: Missing Abstract: 456 [] []
[2024-09-19T10:26:11.118683+00:00] xml_generator.INFO: Missing Keywords: 456 [] []
[2024-09-19T10:35:16.812480+00:00] xml_generator.INFO: Missing PdfUrl: 0 [] []
[2024-09-19T10:35:16.813918+00:00] xml_generator.INFO: Missing Title: 4 [] []
[2024-09-19T10:35:16.814002+00:00] xml_generator.INFO: Missing Authors: 0 [] []
[2024-09-19T10:35:16.814064+00:00] xml_generator.INFO: Missing FirstPage: 0 [] []
[2024-09-19T10:35:16.814121+00:00] xml_generator.INFO: Missing LastPage: 0 [] []
[2024-09-19T10:35:16.814238+00:00] xml_generator.INFO: Missing Abstract: 5 [] []
[2024-09-19T10:35:16.814304+00:00] xml_generator.INFO: Missing Keywords: 4 [] []
[2024-09-19T10:43:51.426224+00:00] xml_generator.INFO: Missing PdfUrl: 23 [] []
[2024-09-19T10:43:51.427516+00:00] xml_generator.INFO: Missing Title: 0 [] []
[2024-09-19T10:43:51.427663+00:00] xml_generator.INFO: Missing Authors: 0 [] []
[2024-09-19T10:43:51.427732+00:00] xml_generator.INFO: Missing FirstPage: 449 [] []
[2024-09-19T10:43:51.427798+00:00] xml_generator.INFO: Missing LastPage: 449 [] []
[2024-09-19T10:43:51.427870+00:00] xml_generator.INFO: Missing Abstract: 449 [] []
[2024-09-19T10:43:51.427930+00:00] xml_generator.INFO: Missing Keywords: 449 [] []
[2024-09-19T08:59:16.727178+00:00] xml_generator.INFO: Missing PdfUrl: 0 [] []
[2024-09-19T08:59:16.762231+00:00] xml_generator.INFO: Missing Title: 4 [] []
[2024-09-19T08:59:16.762392+00:00] xml_generator.INFO: Missing Authors: 0 [] []
[2024-09-19T08:59:16.762685+00:00] xml_generator.INFO: Missing FirstPage: 0 [] []
[2024-09-19T08:59:16.762899+00:00] xml_generator.INFO: Missing LastPage: 0 [] []
[2024-09-19T08:59:16.763131+00:00] xml_generator.INFO: Missing Abstract: 5 [] []
[2024-09-19T08:59:16.763312+00:00] xml_generator.INFO: Missing Keywords: 4 [] []
[2024-09-19T09:05:15.794497+00:00] xml_generator.INFO: Missing PdfUrl: 0 [] []
[2024-09-19T09:05:15.822115+00:00] xml_generator.INFO: Missing Title: 4 [] []
[2024-09-19T09:05:15.822346+00:00] xml_generator.INFO: Missing Authors: 0 [] []
[2024-09-19T09:05:15.822557+00:00] xml_generator.INFO: Missing FirstPage: 0 [] []
[2024-09-19T09:05:15.822766+00:00] xml_generator.INFO: Missing LastPage: 0 [] []
[2024-09-19T09:05:15.822962+00:00] xml_generator.INFO: Missing Abstract: 5 [] []
[2024-09-19T09:05:15.823137+00:00] xml_generator.INFO: Missing Keywords: 4 [] []
[2024-09-19T09:17:48.112075+00:00] xml_generator.INFO: Missing PdfUrl: 0 [] []
[2024-09-19T09:17:48.140077+00:00] xml_generator.INFO: Missing Title: 4 [] []
[2024-09-19T09:17:48.140238+00:00] xml_generator.INFO: Missing Authors: 0 [] []
[2024-09-19T09:17:48.140381+00:00] xml_generator.INFO: Missing FirstPage: 0 [] []
[2024-09-19T09:17:48.140522+00:00] xml_generator.INFO: Missing LastPage: 0 [] []
[2024-09-19T09:17:48.140677+00:00] xml_generator.INFO: Missing Abstract: 5 [] []
[2024-09-19T09:17:48.140817+00:00] xml_generator.INFO: Missing Keywords: 4 [] []
[2024-09-19T09:21:30.137467+00:00] xml_generator.INFO: Missing PdfUrl: 0 [] []
[2024-09-19T09:21:30.167233+00:00] xml_generator.INFO: Missing Title: 4 [] []
[2024-09-19T09:21:30.167418+00:00] xml_generator.INFO: Missing Authors: 0 [] []
[2024-09-19T09:21:30.167582+00:00] xml_generator.INFO: Missing FirstPage: 0 [] []
[2024-09-19T09:21:30.167756+00:00] xml_generator.INFO: Missing LastPage: 0 [] []
[2024-09-19T09:21:30.167966+00:00] xml_generator.INFO: Missing Abstract: 5 [] []
[2024-09-19T09:21:30.168120+00:00] xml_generator.INFO: Missing Keywords: 4 [] []
[2024-09-19T09:22:13.664043+00:00] xml_generator.INFO: Missing PdfUrl: 0 [] []
[2024-09-19T09:22:13.692807+00:00] xml_generator.INFO: Missing Title: 9 [] []
[2024-09-19T09:22:13.693064+00:00] xml_generator.INFO: Missing Authors: 0 [] []
[2024-09-19T09:22:13.693386+00:00] xml_generator.INFO: Missing FirstPage: 228 [] []
[2024-09-19T09:22:13.693607+00:00] xml_generator.INFO: Missing LastPage: 229 [] []
[2024-09-19T09:22:13.693805+00:00] xml_generator.INFO: Missing Abstract: 346 [] []
[2024-09-19T09:22:13.693994+00:00] xml_generator.INFO: Missing Keywords: 346 [] []
[2024-09-19T09:22:42.725192+00:00] xml_generator.INFO: Missing PdfUrl: 0 [] []
[2024-09-19T09:22:42.765500+00:00] xml_generator.INFO: Missing Title: 4 [] []
[2024-09-19T09:22:42.765772+00:00] xml_generator.INFO: Missing Authors: 0 [] []
[2024-09-19T09:22:42.766019+00:00] xml_generator.INFO: Missing FirstPage: 0 [] []
[2024-09-19T09:22:42.766256+00:00] xml_generator.INFO: Missing LastPage: 0 [] []
[2024-09-19T09:22:42.766465+00:00] xml_generator.INFO: Missing Abstract: 5 [] []
[2024-09-19T09:22:42.766675+00:00] xml_generator.INFO: Missing Keywords: 4 [] []
[2024-09-19T09:22:45.751463+00:00] xml_generator.INFO: Missing PdfUrl: 0 [] []
[2024-09-19T09:22:45.788765+00:00] xml_generator.INFO: Missing Title: 4 [] []
[2024-09-19T09:22:45.788981+00:00] xml_generator.INFO: Missing Authors: 0 [] []
[2024-09-19T09:22:45.789251+00:00] xml_generator.INFO: Missing FirstPage: 0 [] []
[2024-09-19T09:22:45.789475+00:00] xml_generator.INFO: Missing LastPage: 0 [] []
[2024-09-19T09:22:45.789682+00:00] xml_generator.INFO: Missing Abstract: 5 [] []
[2024-09-19T09:22:45.789894+00:00] xml_generator.INFO: Missing Keywords: 4 [] []
[2024-09-19T09:22:54.235986+00:00] xml_generator.INFO: Missing PdfUrl: 0 [] []
[2024-09-19T09:22:54.275066+00:00] xml_generator.INFO: Missing Title: 4 [] []
[2024-09-19T09:22:54.275386+00:00] xml_generator.INFO: Missing Authors: 0 [] []
[2024-09-19T09:22:54.275677+00:00] xml_generator.INFO: Missing FirstPage: 0 [] []
[2024-09-19T09:22:54.275951+00:00] xml_generator.INFO: Missing LastPage: 0 [] []
[2024-09-19T09:22:54.276206+00:00] xml_generator.INFO: Missing Abstract: 5 [] []
[2024-09-19T09:22:54.276494+00:00] xml_generator.INFO: Missing Keywords: 4 [] []
[2024-09-19T09:28:53.082642+00:00] xml_generator.INFO: Missing PdfUrl: 22 [] []
[2024-09-19T09:28:53.124225+00:00] xml_generator.INFO: Missing Title: 0 [] []
[2024-09-19T09:28:53.124499+00:00] xml_generator.INFO: Missing Authors: 0 [] []
[2024-09-19T09:28:53.124778+00:00] xml_generator.INFO: Missing FirstPage: 456 [] []
[2024-09-19T09:28:53.125037+00:00] xml_generator.INFO: Missing LastPage: 456 [] []
[2024-09-19T09:28:53.125328+00:00] xml_generator.INFO: Missing Abstract: 456 [] []
[2024-09-19T09:28:53.125595+00:00] xml_generator.INFO: Missing Keywords: 456 [] []
[2024-09-19T09:44:16.368783+00:00] xml_generator.INFO: Missing PdfUrl: 21 [] []
[2024-09-19T09:44:16.410916+00:00] xml_generator.INFO: Missing Title: 0 [] []
[2024-09-19T09:44:16.411222+00:00] xml_generator.INFO: Missing Authors: 0 [] []
[2024-09-19T09:44:16.411459+00:00] xml_generator.INFO: Missing FirstPage: 463 [] []
[2024-09-19T09:44:16.411710+00:00] xml_generator.INFO: Missing LastPage: 463 [] []
[2024-09-19T09:44:16.411965+00:00] xml_generator.INFO: Missing Abstract: 463 [] []
[2024-09-19T09:44:16.412166+00:00] xml_generator.INFO: Missing Keywords: 463 [] []
[2024-09-19T09:55:46.604588+00:00] xml_generator.INFO: Missing PdfUrl: 22 [] []
[2024-09-19T09:55:46.631814+00:00] xml_generator.INFO: Missing Title: 0 [] []
[2024-09-19T09:55:46.632062+00:00] xml_generator.INFO: Missing Authors: 0 [] []
[2024-09-19T09:55:46.632297+00:00] xml_generator.INFO: Missing FirstPage: 456 [] []
[2024-09-19T09:55:46.632505+00:00] xml_generator.INFO: Missing LastPage: 456 [] []
[2024-09-19T09:55:46.632700+00:00] xml_generator.INFO: Missing Abstract: 456 [] []
[2024-09-19T09:55:46.632894+00:00] xml_generator.INFO: Missing Keywords: 456 [] []
[2024-09-19T10:07:54.103662+00:00] xml_generator.INFO: Missing PdfUrl: 0 [] []
[2024-09-19T10:07:54.131749+00:00] xml_generator.INFO: Missing Title: 4 [] []
[2024-09-19T10:07:54.131923+00:00] xml_generator.INFO: Missing Authors: 0 [] []
[2024-09-19T10:07:54.132092+00:00] xml_generator.INFO: Missing FirstPage: 0 [] []
[2024-09-19T10:07:54.132249+00:00] xml_generator.INFO: Missing LastPage: 0 [] []
[2024-09-19T10:07:54.132411+00:00] xml_generator.INFO: Missing Abstract: 5 [] []
[2024-09-19T10:07:54.132564+00:00] xml_generator.INFO: Missing Keywords: 4 [] []
[2024-09-19T10:08:49.251280+00:00] xml_generator.INFO: Missing PdfUrl: 0 [] []
[2024-09-19T10:08:49.290640+00:00] xml_generator.INFO: Missing Title: 4 [] []
[2024-09-19T10:08:49.290874+00:00] xml_generator.INFO: Missing Authors: 0 [] []
[2024-09-19T10:08:49.291070+00:00] xml_generator.INFO: Missing FirstPage: 0 [] []
[2024-09-19T10:08:49.291256+00:00] xml_generator.INFO: Missing LastPage: 0 [] []
[2024-09-19T10:08:49.291457+00:00] xml_generator.INFO: Missing Abstract: 5 [] []
[2024-09-19T10:08:49.291646+00:00] xml_generator.INFO: Missing Keywords: 4 [] []
[2024-09-19T10:10:04.729858+00:00] xml_generator.INFO: Missing PdfUrl: 0 [] []
[2024-09-19T10:10:04.769960+00:00] xml_generator.INFO: Missing Title: 4 [] []
[2024-09-19T10:10:04.770195+00:00] xml_generator.INFO: Missing Authors: 0 [] []
[2024-09-19T10:10:04.770425+00:00] xml_generator.INFO: Missing FirstPage: 0 [] []
[2024-09-19T10:10:04.770622+00:00] xml_generator.INFO: Missing LastPage: 0 [] []
[2024-09-19T10:10:04.770857+00:00] xml_generator.INFO: Missing Abstract: 5 [] []
[2024-09-19T10:10:04.771053+00:00] xml_generator.INFO: Missing Keywords: 4 [] []
